--------------
--------------
--------------
--------------
--------------
--------------
--------------
--------------
--------------
--------------
--------------
--------------
--------------
--------------
--------------
--------------
--------------
--------------
--------------
--------------
--------------
--------------
--------------
--------------
--------------
--------------
--------------
--------------
--------------
--------------
--------------
--------------
--------------
--------------
--------------
--------------
--------------
--------------
--------------
--------------
--------------
--------------
--------------
--------------
--------------
--------------
--------------
--------------
--------------
--------------
--------------
--------------
--------------
--------------
--------------
--------------
--------------
--------------
--------------
--------------
--------------
--------------
--------------
--------------
--------------
--------------
--------------
--------------
--------------
--------------
--------------
--------------
--------------
--------------
--------------
--------------
--------------
--------------
--------------
--------------
--------------
--------------
--------------
--------------
--------------
--------------
--------------
--------------
--------------
--------------
--------------
--------------
--------------
--------------
--------------
--------------
--------------
--------------
--------------
--------------
--------------
--------------
--------------
--------------
--------------
--------------
--------------
--------------
--------------
--------------
--------------
--------------
--------------
--------------
--------------
--------------
--------------
--------------
--------------
--------------
--------------
--------------
--------------
--------------
--------------
--------------
--------------
--------------
--------------
--------------
--------------
--------------
--------------
--------------
--------------
--------------
--------------
--------------
--------------
--------------
--------------
--------------
--------------
--------------
--------------
--------------
--------------
--------------
--------------
--------------
--------------
--------------
--------------
--------------
--------------
--------------
--------------
--------------
--------------
--------------
--------------
--------------
--------------
--------------
--------------
--------------
--------------
--------------
--------------
--------------
--------------
--------------
--------------
--------------
--------------
--------------
--------------
--------------
--------------
--------------
--------------
--------------
--------------
--------------
--------------
--------------
--------------
--------------
--------------
--------------
--------------
--------------
--------------
--------------
--------------
--------------
--------------
--------------
--------------
--------------
--------------
--------------
--------------
--------------
--------------
--------------
--------------
--------------
--------------
--------------
--------------
--------------
--------------
--------------
--------------
--------------
--------------
--------------
--------------
--------------
--------------
--------------
--------------
--------------
--------------
--------------
--------------
--------------
--------------
--------------
--------------
--------------
--------------
--------------
--------------
--------------
--------------
--------------
--------------
--------------
--------------
--------------
--------------
--------------
--------------
--------------
--------------
--------------
--------------
--------------
--------------
--------------
--------------
--------------
--------------
--------------
--------------
--------------
--------------
--------------
--------------
--------------
--------------
--------------
--------------
--------------
--------------
--------------
--------------
--------------
--------------
--------------
--------------
--------------
--------------
--------------
--------------
--------------
--------------
--------------
--------------
--------------
--------------
--------------
--------------
--------------
--------------
--------------
--------------
--------------
--------------
--------------
--------------
--------------
--------------
--------------
--------------
--------------
--------------
--------------
--------------
--------------
--------------
--------------
--------------
--------------
--------------
--------------
--------------
--------------
--------------
--------------
--------------
--------------
--------------
--------------
--------------
--------------
--------------
--------------
--------------
--------------
--------------
--------------
--------------
--------------
--------------
--------------
--------------
--------------
--------------
--------------
--------------
--------------
--------------
--------------
--------------
--------------
--------------
--------------
--------------
--------------
--------------
--------------
--------------
--------------
--------------
Traceback (most recent call last):
  File "scraping.py", line 129, in <module>
    myStream.filter(languages=["es"], track = settings.TRACK_WORDS)
  File "/usr/local/lib/python3.6/dist-packages/tweepy/streaming.py", line 474, in filter
    self._start(is_async)
  File "/usr/local/lib/python3.6/dist-packages/tweepy/streaming.py", line 389, in _start
    self._run()
  File "/usr/local/lib/python3.6/dist-packages/tweepy/streaming.py", line 289, in _run
    self._read_loop(resp)
  File "/usr/local/lib/python3.6/dist-packages/tweepy/streaming.py", line 339, in _read_loop
    line = buf.read_line()
  File "/usr/local/lib/python3.6/dist-packages/tweepy/streaming.py", line 200, in read_line
    self._buffer += self._stream.read(self._chunk_size)
  File "/usr/local/lib/python3.6/dist-packages/urllib3/response.py", line 519, in read
    data = self._fp.read(amt) if not fp_closed else b""
  File "/usr/lib/python3.6/http/client.py", line 459, in read
    n = self.readinto(b)
  File "/usr/lib/python3.6/http/client.py", line 493, in readinto
    return self._readinto_chunked(b)
  File "/usr/lib/python3.6/http/client.py", line 588, in _readinto_chunked
    chunk_left = self._get_chunk_left()
  File "/usr/lib/python3.6/http/client.py", line 556, in _get_chunk_left
    chunk_left = self._read_next_chunk_size()
  File "/usr/lib/python3.6/http/client.py", line 516, in _read_next_chunk_size
    line = self.fp.readline(_MAXLINE + 1)
  File "/usr/lib/python3.6/socket.py", line 586, in readinto
    return self._sock.recv_into(b)
  File "/usr/lib/python3.6/ssl.py", line 1012, in recv_into
    return self.read(nbytes, buffer)
  File "/usr/lib/python3.6/ssl.py", line 874, in read
    return self._sslobj.read(len, buffer)
  File "/usr/lib/python3.6/ssl.py", line 631, in read
    v = self._sslobj.read(len, buffer)
KeyboardInterrupt
